<?xml version="1.0" encoding="UTF-8"?>
<!-- Generated by org.testng.reporters.JUnitReportReporter -->
<testsuite hostname="DESKTOP-5BS10NK" failures="0" tests="1" name="com.test.testcases.Testcase1" time="0.019" errors="0" timestamp="2024-03-24T20:36:59 IST" skipped="0">
  <testcase classname="com.test.testcases.Testcase1" name="sampletest" time="0.019"/>
</testsuite> <!-- com.test.testcases.Testcase1 -->
